2025-12-18T21:17:20+00:00 PHPMailer exception: SMTP Error: Could not authenticate.
2025-12-18T21:17:20+00:00 | method=phpmailer | to=morrismelchior@outlook.com | from=morrismelchior@outlook.com | phone=342 | subject=test | sent=0
[SMTP DEBUG] 2025-12-18T21:18:59+00:00 SERVER -> CLIENT: 220 MM0P280CA0047.outlook.office365.com Microsoft ESMTP MAIL Service ready at Thu, 18 Dec 2025 21:18:59 +0000 [08DE3E0BC833038D]

[SMTP DEBUG] 2025-12-18T21:18:59+00:00 CLIENT -> SERVER: EHLO localhost

[SMTP DEBUG] 2025-12-18T21:18:59+00:00 SERVER -> CLIENT: 250-MM0P280CA0047.outlook.office365.com Hello [152.115.211.114]
250-SIZE 157286400
250-PIPELINING
250-DSN
250-ENHANCEDSTATUSCODES
250-STARTTLS
250-8BITMIME
250-BINARYMIME
250-CHUNKING
250 SMTPUTF8

[SMTP DEBUG] 2025-12-18T21:18:59+00:00 CLIENT -> SERVER: STARTTLS

[SMTP DEBUG] 2025-12-18T21:18:59+00:00 SERVER -> CLIENT: 220 2.0.0 SMTP server ready

[SMTP DEBUG] 2025-12-18T21:18:59+00:00 CLIENT -> SERVER: EHLO localhost

[SMTP DEBUG] 2025-12-18T21:18:59+00:00 SERVER -> CLIENT: 250-MM0P280CA0047.outlook.office365.com Hello [152.115.211.114]
250-SIZE 157286400
250-PIPELINING
250-DSN
250-ENHANCEDSTATUSCODES
250-AUTH LOGIN XOAUTH2
250-8BITMIME
250-BINARYMIME
250-CHUNKING
250 SMTPUTF8

[SMTP DEBUG] 2025-12-18T21:18:59+00:00 CLIENT -> SERVER: AUTH LOGIN

[SMTP DEBUG] 2025-12-18T21:18:59+00:00 SERVER -> CLIENT: 334 VXNlcm5hbWU6

[SMTP DEBUG] 2025-12-18T21:18:59+00:00 CLIENT -> SERVER: [credentials hidden]
[SMTP DEBUG] 2025-12-18T21:18:59+00:00 SERVER -> CLIENT: 334 UGFzc3dvcmQ6

[SMTP DEBUG] 2025-12-18T21:18:59+00:00 CLIENT -> SERVER: [credentials hidden]
[SMTP DEBUG] 2025-12-18T21:19:05+00:00 SERVER -> CLIENT: 535 5.7.139 Authentication unsuccessful, basic authentication is disabled. [MM0P280CA0047.SWEP280.PROD.OUTLOOK.COM 2025-12-18T21:19:05.095Z 08DE3E0BC833038D]

[SMTP DEBUG] 2025-12-18T21:19:05+00:00 SMTP ERROR: Password command failed: 535 5.7.139 Authentication unsuccessful, basic authentication is disabled. [MM0P280CA0047.SWEP280.PROD.OUTLOOK.COM 2025-12-18T21:19:05.095Z 08DE3E0BC833038D]

[SMTP DEBUG] 2025-12-18T21:19:05+00:00 SMTP Error: Could not authenticate.
[SMTP DEBUG] 2025-12-18T21:19:05+00:00 CLIENT -> SERVER: QUIT

[SMTP DEBUG] 2025-12-18T21:19:05+00:00 SERVER -> CLIENT: 221 2.0.0 Service closing transmission channel

[SMTP DEBUG] 2025-12-18T21:19:05+00:00 SMTP Error: Could not authenticate.
2025-12-18T21:19:05+00:00 PHPMailer exception: SMTP Error: Could not authenticate.
2025-12-18T21:19:05+00:00 | method=phpmailer | to=morrismelchior@outlook.com | from=morrismelchior@outlook.com | phone=123 | subject=123 | sent=0
[SMTP DEBUG] 2025-12-18T21:27:37+00:00 SERVER -> CLIENT: 220 CPAP307CA0010.outlook.office365.com Microsoft ESMTP MAIL Service ready at Thu, 18 Dec 2025 21:27:48 +0000 [08DE3E71798CB291]

[SMTP DEBUG] 2025-12-18T21:27:37+00:00 CLIENT -> SERVER: EHLO localhost

[SMTP DEBUG] 2025-12-18T21:27:37+00:00 SERVER -> CLIENT: 250-CPAP307CA0010.outlook.office365.com Hello [152.115.211.114]
250-SIZE 157286400
250-PIPELINING
250-DSN
250-ENHANCEDSTATUSCODES
250-STARTTLS
250-8BITMIME
250-BINARYMIME
250-CHUNKING
250 SMTPUTF8

[SMTP DEBUG] 2025-12-18T21:27:37+00:00 CLIENT -> SERVER: STARTTLS

[SMTP DEBUG] 2025-12-18T21:27:37+00:00 SERVER -> CLIENT: 220 2.0.0 SMTP server ready

[SMTP DEBUG] 2025-12-18T21:27:37+00:00 CLIENT -> SERVER: EHLO localhost

[SMTP DEBUG] 2025-12-18T21:27:37+00:00 SERVER -> CLIENT: 250-CPAP307CA0010.outlook.office365.com Hello [152.115.211.114]
250-SIZE 157286400
250-PIPELINING
250-DSN
250-ENHANCEDSTATUSCODES
250-AUTH LOGIN XOAUTH2
250-8BITMIME
250-BINARYMIME
250-CHUNKING
250 SMTPUTF8

[SMTP DEBUG] 2025-12-18T21:27:37+00:00 CLIENT -> SERVER: AUTH LOGIN

[SMTP DEBUG] 2025-12-18T21:27:37+00:00 SERVER -> CLIENT: 334 VXNlcm5hbWU6

[SMTP DEBUG] 2025-12-18T21:27:37+00:00 CLIENT -> SERVER: [credentials hidden]
[SMTP DEBUG] 2025-12-18T21:27:37+00:00 SERVER -> CLIENT: 334 UGFzc3dvcmQ6

[SMTP DEBUG] 2025-12-18T21:27:37+00:00 CLIENT -> SERVER: [credentials hidden]
[SMTP DEBUG] 2025-12-18T21:27:42+00:00 SERVER -> CLIENT: 535 5.7.139 Authentication unsuccessful, basic authentication is disabled. [CPAP307CA0010.DNKP307.PROD.OUTLOOK.COM 2025-12-18T21:27:54.193Z 08DE3E71798CB291]

[SMTP DEBUG] 2025-12-18T21:27:42+00:00 SMTP ERROR: Password command failed: 535 5.7.139 Authentication unsuccessful, basic authentication is disabled. [CPAP307CA0010.DNKP307.PROD.OUTLOOK.COM 2025-12-18T21:27:54.193Z 08DE3E71798CB291]

[SMTP DEBUG] 2025-12-18T21:27:42+00:00 SMTP Error: Could not authenticate.
[SMTP DEBUG] 2025-12-18T21:27:42+00:00 CLIENT -> SERVER: QUIT

[SMTP DEBUG] 2025-12-18T21:27:42+00:00 SERVER -> CLIENT: 221 2.0.0 Service closing transmission channel

[SMTP DEBUG] 2025-12-18T21:27:42+00:00 SMTP Error: Could not authenticate.
2025-12-18T21:27:42+00:00 PHPMailer exception: SMTP Error: Could not authenticate.
2025-12-18T21:27:42+00:00 | method=phpmailer | to=morrismelchior@outlook.com | from=morrismelchior@outlook.com | phone=12 | subject=123 | sent=0
[SMTP DEBUG] 2025-12-18T21:35:08+00:00 SERVER -> CLIENT: 220 CPAP307CA0005.outlook.office365.com Microsoft ESMTP MAIL Service ready at Thu, 18 Dec 2025 21:35:19 +0000 [08DE3DCE05450F6F]

[SMTP DEBUG] 2025-12-18T21:35:08+00:00 CLIENT -> SERVER: EHLO localhost

[SMTP DEBUG] 2025-12-18T21:35:08+00:00 SERVER -> CLIENT: 250-CPAP307CA0005.outlook.office365.com Hello [152.115.211.114]
250-SIZE 157286400
250-PIPELINING
250-DSN
250-ENHANCEDSTATUSCODES
250-STARTTLS
250-8BITMIME
250-BINARYMIME
250-CHUNKING
250 SMTPUTF8

[SMTP DEBUG] 2025-12-18T21:35:08+00:00 CLIENT -> SERVER: STARTTLS

[SMTP DEBUG] 2025-12-18T21:35:08+00:00 SERVER -> CLIENT: 220 2.0.0 SMTP server ready

[SMTP DEBUG] 2025-12-18T21:35:08+00:00 CLIENT -> SERVER: EHLO localhost

[SMTP DEBUG] 2025-12-18T21:35:08+00:00 SERVER -> CLIENT: 250-CPAP307CA0005.outlook.office365.com Hello [152.115.211.114]
250-SIZE 157286400
250-PIPELINING
250-DSN
250-ENHANCEDSTATUSCODES
250-AUTH LOGIN XOAUTH2
250-8BITMIME
250-BINARYMIME
250-CHUNKING
250 SMTPUTF8

[SMTP DEBUG] 2025-12-18T21:35:08+00:00 CLIENT -> SERVER: AUTH LOGIN

[SMTP DEBUG] 2025-12-18T21:35:08+00:00 SERVER -> CLIENT: 334 VXNlcm5hbWU6

[SMTP DEBUG] 2025-12-18T21:35:08+00:00 CLIENT -> SERVER: [credentials hidden]
[SMTP DEBUG] 2025-12-18T21:35:08+00:00 SERVER -> CLIENT: 334 UGFzc3dvcmQ6

[SMTP DEBUG] 2025-12-18T21:35:08+00:00 CLIENT -> SERVER: [credentials hidden]
[SMTP DEBUG] 2025-12-18T21:35:13+00:00 SERVER -> CLIENT: 535 5.7.139 Authentication unsuccessful, basic authentication is disabled. [CPAP307CA0005.DNKP307.PROD.OUTLOOK.COM 2025-12-18T21:35:25.424Z 08DE3DCE05450F6F]

[SMTP DEBUG] 2025-12-18T21:35:13+00:00 SMTP ERROR: Password command failed: 535 5.7.139 Authentication unsuccessful, basic authentication is disabled. [CPAP307CA0005.DNKP307.PROD.OUTLOOK.COM 2025-12-18T21:35:25.424Z 08DE3DCE05450F6F]

[SMTP DEBUG] 2025-12-18T21:35:13+00:00 SMTP Error: Could not authenticate.
[SMTP DEBUG] 2025-12-18T21:35:13+00:00 CLIENT -> SERVER: QUIT

[SMTP DEBUG] 2025-12-18T21:35:13+00:00 SERVER -> CLIENT: 221 2.0.0 Service closing transmission channel

[SMTP DEBUG] 2025-12-18T21:35:13+00:00 SMTP Error: Could not authenticate.
2025-12-18T21:35:13+00:00 PHPMailer exception: SMTP Error: Could not authenticate.
2025-12-18T21:35:13+00:00 | method=phpmailer | to=morrismelchior@outlook.com | from=morrismelchior@outlook.com | phone=23 | subject=123 | sent=0
[SMTP DEBUG] 2025-12-18T21:38:09+00:00 SERVER -> CLIENT: 220 CPBP307CA0019.outlook.office365.com Microsoft ESMTP MAIL Service ready at Thu, 18 Dec 2025 21:38:22 +0000 [08DE3E5EC7F6C8CD]

[SMTP DEBUG] 2025-12-18T21:38:09+00:00 CLIENT -> SERVER: EHLO localhost

[SMTP DEBUG] 2025-12-18T21:38:09+00:00 SERVER -> CLIENT: 250-CPBP307CA0019.outlook.office365.com Hello [152.115.211.114]
250-SIZE 157286400
250-PIPELINING
250-DSN
250-ENHANCEDSTATUSCODES
250-STARTTLS
250-8BITMIME
250-BINARYMIME
250-CHUNKING
250 SMTPUTF8

[SMTP DEBUG] 2025-12-18T21:38:09+00:00 CLIENT -> SERVER: STARTTLS

[SMTP DEBUG] 2025-12-18T21:38:09+00:00 SERVER -> CLIENT: 220 2.0.0 SMTP server ready

[SMTP DEBUG] 2025-12-18T21:38:09+00:00 CLIENT -> SERVER: EHLO localhost

[SMTP DEBUG] 2025-12-18T21:38:09+00:00 SERVER -> CLIENT: 250-CPBP307CA0019.outlook.office365.com Hello [152.115.211.114]
250-SIZE 157286400
250-PIPELINING
250-DSN
250-ENHANCEDSTATUSCODES
250-AUTH LOGIN XOAUTH2
250-8BITMIME
250-BINARYMIME
250-CHUNKING
250 SMTPUTF8

[SMTP DEBUG] 2025-12-18T21:38:09+00:00 CLIENT -> SERVER: AUTH LOGIN

[SMTP DEBUG] 2025-12-18T21:38:09+00:00 SERVER -> CLIENT: 334 VXNlcm5hbWU6

[SMTP DEBUG] 2025-12-18T21:38:09+00:00 CLIENT -> SERVER: [credentials hidden]
[SMTP DEBUG] 2025-12-18T21:38:09+00:00 SERVER -> CLIENT: 334 UGFzc3dvcmQ6

[SMTP DEBUG] 2025-12-18T21:38:09+00:00 CLIENT -> SERVER: [credentials hidden]
[SMTP DEBUG] 2025-12-18T21:38:14+00:00 SERVER -> CLIENT: 535 5.7.139 Authentication unsuccessful, basic authentication is disabled. [CPBP307CA0019.DNKP307.PROD.OUTLOOK.COM 2025-12-18T21:38:28.557Z 08DE3E5EC7F6C8CD]

[SMTP DEBUG] 2025-12-18T21:38:14+00:00 SMTP ERROR: Password command failed: 535 5.7.139 Authentication unsuccessful, basic authentication is disabled. [CPBP307CA0019.DNKP307.PROD.OUTLOOK.COM 2025-12-18T21:38:28.557Z 08DE3E5EC7F6C8CD]

[SMTP DEBUG] 2025-12-18T21:38:14+00:00 SMTP Error: Could not authenticate.
[SMTP DEBUG] 2025-12-18T21:38:14+00:00 CLIENT -> SERVER: QUIT

[SMTP DEBUG] 2025-12-18T21:38:14+00:00 SERVER -> CLIENT: 221 2.0.0 Service closing transmission channel

[SMTP DEBUG] 2025-12-18T21:38:14+00:00 SMTP Error: Could not authenticate.
2025-12-18T21:38:14+00:00 PHPMailer exception: SMTP Error: Could not authenticate.
2025-12-18T21:38:14+00:00 | method=phpmailer | to=morrismelchior@outlook.com | from=morrismelchior@outlook.com | phone=12 | subject=12 | sent=0
